<?xml version="1.0" encoding="UTF-8"?>
<!-- Generated by org.testng.reporters.JUnitXMLReporter -->
<testsuite ignored="1" hostname="MBOZDEMIR-NB" failures="0" tests="11" name="Car Loan" time="0.169" errors="0" timestamp="2024-02-12T01:16:00 TRT">
  <testcase classname="test.day4" name="LoginApiHomeLoan" time="0.007"/>
  <testcase classname="test.day4" name="MobileLoginHomeLoan" time="0.003"/>
  <testcase classname="test.day4" name="MobileLogoutHomeLoan" time="0.002"/>
  <testcase classname="test.day4" name="MobileSignUpHomeLoan" time="0.001"/>
  <testcase classname="test.day4" name="WebLoginHomeLoan" time="0.002"/>
  <testcase classname="test.day3" name="LogoutAPICarLoan" time="0.001"/>
  <testcase classname="test.day3" name="LogoutAPICarLoan" time="0.001"/>
  <testcase classname="test.day3" name="LogoutAPICarLoan" time="0.001"/>
  <testcase classname="test.day3" name="WebLoginCarLoan" time="0.004"/>
  <testcase classname="test.day3" name="MobileLogOutCarLoan" time="0.003"/>
  <testcase classname="test.day3" name="MobileLoginCarLoan" time="0.002"/>
  <testcase classname="test.day3" name="LoginAPICarLoan" time="0.0">
    <ignored/>
  </testcase> <!-- LoginAPICarLoan -->
</testsuite> <!-- Car Loan -->
