<?xml version="1.0" encoding="UTF-8"?>
<!-- Generated by org.testng.reporters.JUnitXMLReporter -->
<testsuite ignored="4" hostname="MBOZDEMIR-NB" failures="0" tests="8" name="Car Loan" time="0.035" errors="0" timestamp="2024-02-12T02:48:56 TRT">
  <testcase classname="test.day4" name="LoginApiHomeLoan" time="0.0"/>
  <testcase classname="test.day4" name="WebLoginHomeLoan" time="0.002"/>
  <testcase classname="test.day3" name="LogoutAPICarLoan" time="0.001"/>
  <testcase classname="test.day3" name="LogoutAPICarLoan" time="0.001"/>
  <testcase classname="test.day3" name="LogoutAPICarLoan" time="0.001"/>
  <testcase classname="test.day3" name="WebLoginCarLoan" time="0.0"/>
  <testcase classname="test.day3" name="MobileLogOutCarLoan" time="0.004"/>
  <testcase classname="test.day3" name="MobileLoginCarLoan" time="0.001"/>
  <testcase classname="test.day4" name="MobileLoginHomeLoan" time="0.0">
    <ignored/>
  </testcase> <!-- MobileLoginHomeLoan -->
  <testcase classname="test.day4" name="MobileSignUpHomeLoan" time="0.0">
    <ignored/>
  </testcase> <!-- MobileSignUpHomeLoan -->
  <testcase classname="test.day4" name="MobileLogoutHomeLoan" time="0.0">
    <ignored/>
  </testcase> <!-- MobileLogoutHomeLoan -->
  <testcase classname="test.day3" name="LoginAPICarLoan" time="0.0">
    <ignored/>
  </testcase> <!-- LoginAPICarLoan -->
</testsuite> <!-- Car Loan -->
