<?xml version="1.0" encoding="UTF-8"?>
<!-- Generated by org.testng.reporters.JUnitXMLReporter -->
<testsuite ignored="3" hostname="MBOZDEMIR-NB" failures="0" tests="4" name="Personal Loan" time="0.046" errors="0" timestamp="2024-02-11T04:44:53 TRT">
  <testcase classname="test.day3" name="WebLoginCarLoan" time="0.004"/>
  <testcase classname="test.day2" name="Demo" time="0.002"/>
  <testcase classname="test.day1" name="Demo" time="0.001"/>
  <testcase classname="test.day1" name="SecondTest" time="0.001"/>
  <testcase classname="test.day3" name="MobileLoginCarLoan" time="0.0">
    <ignored/>
  </testcase> <!-- MobileLoginCarLoan -->
  <testcase classname="test.day3" name="MobileLogOutCarLoan" time="0.0">
    <ignored/>
  </testcase> <!-- MobileLogOutCarLoan -->
  <testcase classname="test.day3" name="LoginAPICarLoan" time="0.0">
    <ignored/>
  </testcase> <!-- LoginAPICarLoan -->
</testsuite> <!-- Personal Loan -->
