<?xml version="1.0" encoding="UTF-8"?>
<!-- Generated by org.testng.reporters.JUnitXMLReporter -->
<testsuite ignored="3" hostname="MBOZDEMIR-NB" failures="0" tests="3" name="Regression" time="0.051" errors="0" timestamp="2024-02-11T04:12:53 TRT">
  <testcase classname="test.day1" name="SecondTest" time="0.009"/>
  <testcase classname="test.day2" name="Demo" time="0.002"/>
  <testcase classname="test.day3" name="WebLoginCarLoan" time="0.001"/>
  <testcase classname="test.day3" name="MobileLoginCarLoan" time="0.0">
    <ignored/>
  </testcase> <!-- MobileLoginCarLoan -->
  <testcase classname="test.day3" name="LoginAPICarLoan" time="0.0">
    <ignored/>
  </testcase> <!-- LoginAPICarLoan -->
  <testcase classname="test.day1" name="Demo" time="0.0">
    <ignored/>
  </testcase> <!-- Demo -->
</testsuite> <!-- Regression -->
