<?xml version="1.0" encoding="UTF-8"?>
<!-- Generated by org.testng.reporters.JUnitXMLReporter -->
<testsuite ignored="2" hostname="MBOZDEMIR-NB" failures="0" tests="4" name="Test" time="0.077" errors="0" timestamp="2024-02-11T03:12:14 TRT">
  <testcase classname="test.day3" name="WebLoginCarLoan" time="0.012"/>
  <testcase classname="test.day2" name="Demo" time="0.002"/>
  <testcase classname="test.day1" name="Demo" time="0.002"/>
  <testcase classname="test.day1" name="SecondTest" time="0.002"/>
  <testcase classname="test.day3" name="MobileLoginCarLoan" time="0.0">
    <ignored/>
  </testcase> <!-- MobileLoginCarLoan -->
  <testcase classname="test.day3" name="LoginAPICarLoan" time="0.0">
    <ignored/>
  </testcase> <!-- LoginAPICarLoan -->
</testsuite> <!-- Test -->
