<?xml version="1.0" encoding="UTF-8"?>
<testng-results ignored="0" total="1" passed="1" failed="0" skipped="0">
  <reporter-output>
  </reporter-output>
  <suite started-at="2024-02-12T02:30:56 TRT" name="Default suite" finished-at="2024-02-12T02:30:56 TRT" duration-ms="41">
    <groups>
    </groups>
    <test started-at="2024-02-12T02:30:56 TRT" name="Default test" finished-at="2024-02-12T02:30:56 TRT" duration-ms="41">
      <class name="test.TestChild">
        <test-method is-config="true" signature="beforeRun()[pri:0, instance:test.TestChild@12aba8be]" started-at="2024-02-12T02:30:56 TRT" name="beforeRun" finished-at="2024-02-12T02:30:56 TRT" duration-ms="6" status="PASS">
          <reporter-output>
          </reporter-output>
        </test-method> <!-- beforeRun -->
        <test-method signature="childTestRun()[pri:0, instance:test.TestChild@12aba8be]" started-at="2024-02-12T02:30:56 TRT" name="childTestRun" finished-at="2024-02-12T02:30:56 TRT" duration-ms="5" status="PASS">
          <reporter-output>
          </reporter-output>
        </test-method> <!-- childTestRun -->
        <test-method is-config="true" signature="afterRun()[pri:0, instance:test.TestChild@12aba8be]" started-at="2024-02-12T02:30:56 TRT" name="afterRun" finished-at="2024-02-12T02:30:56 TRT" duration-ms="1" status="PASS">
          <reporter-output>
          </reporter-output>
        </test-method> <!-- afterRun -->
      </class> <!-- test.TestChild -->
    </test> <!-- Default test -->
  </suite> <!-- Default suite -->
</testng-results>
